<?xml version="1.0" encoding="UTF-8"?>
<robot generator="Robot 3.2.2 (Python 3.7.8 on win32)" generated="20200930 19:38:08.288" rpa="false">
<suite id="s1" name="Rf Test" source="C:\Git\TA-Track\Exercise\RobotF_1\rf_test">
<suite id="s1-s1" name="Testsuite" source="C:\Git\TA-Track\Exercise\RobotF_1\rf_test\testsuite">
<suite id="s1-s1-s1" name="Rf Demo" source="C:\Git\TA-Track\Exercise\RobotF_1\rf_test\testsuite\rf_demo.robot">
<test id="s1-s1-s1-t1" name="Verify Login">
<kw name="Go To Home">
<kw name="Start App" library="keywords">
<kw name="Open Browser" library="SeleniumLibrary">
<doc>Opens a new browser instance to the optional ``url``.</doc>
<arguments>
<arg>${URL}</arg>
<arg>${BROWSER}</arg>
</arguments>
<msg timestamp="20200930 19:38:08.531" level="INFO">Opening browser 'Chrome' to base url 'https://demoblaze.com/'.</msg>
<status status="PASS" starttime="20200930 19:38:08.531" endtime="20200930 19:38:15.049"></status>
</kw>
<kw name="Maximize Browser Window" library="SeleniumLibrary">
<doc>Maximizes current browser window.</doc>
<status status="PASS" starttime="20200930 19:38:15.050" endtime="20200930 19:38:17.202"></status>
</kw>
<status status="PASS" starttime="20200930 19:38:08.530" endtime="20200930 19:38:17.202"></status>
</kw>
<kw name="Title Should Be" library="SeleniumLibrary">
<doc>Verifies that the current page title equals ``title``.</doc>
<arguments>
<arg>${TITLE}</arg>
</arguments>
<msg timestamp="20200930 19:38:17.213" level="INFO">Page title is 'STORE'.</msg>
<status status="PASS" starttime="20200930 19:38:17.203" endtime="20200930 19:38:17.213"></status>
</kw>
<status status="PASS" starttime="20200930 19:38:08.530" endtime="20200930 19:38:17.214"></status>
</kw>
<kw name="Page Should Contain Element" library="SeleniumLibrary">
<doc>Verifies that element ``locator`` is found on the current page.</doc>
<arguments>
<arg>css:a#cat</arg>
</arguments>
<msg timestamp="20200930 19:38:17.238" level="INFO">Current page contains element 'css:a#cat'.</msg>
<status status="PASS" starttime="20200930 19:38:17.214" endtime="20200930 19:38:17.238"></status>
</kw>
<kw name="Element Should Contain" library="SeleniumLibrary">
<doc>Verifies that element ``locator`` contains text ``expected``.</doc>
<arguments>
<arg>css:a#cat</arg>
<arg>CATEGORIES</arg>
</arguments>
<msg timestamp="20200930 19:38:17.289" level="INFO">Element 'css:a#cat' contains text 'CATEGORIES'.</msg>
<status status="PASS" starttime="20200930 19:38:17.239" endtime="20200930 19:38:17.289"></status>
</kw>
<kw name="Login to the portal">
<arguments>
<arg>${USER}</arg>
<arg>${PASS}</arg>
</arguments>
<kw name="Click Element" library="SeleniumLibrary">
<doc>Click the element identified by ``locator``.</doc>
<arguments>
<arg>${Login Link}</arg>
</arguments>
<msg timestamp="20200930 19:38:17.293" level="INFO">Clicking element 'css:a#login2'.</msg>
<status status="PASS" starttime="20200930 19:38:17.292" endtime="20200930 19:38:17.398"></status>
</kw>
<kw name="Wait Until Element Is Visible" library="SeleniumLibrary">
<doc>Waits until the element ``locator`` is visible.</doc>
<arguments>
<arg>css:input#loginusername</arg>
</arguments>
<status status="PASS" starttime="20200930 19:38:17.399" endtime="20200930 19:38:17.661"></status>
</kw>
<kw name="Input Text" library="SeleniumLibrary">
<doc>Types the given ``text`` into the text field identified by ``locator``.</doc>
<arguments>
<arg>${Username TextBox}</arg>
<arg>${user}</arg>
</arguments>
<msg timestamp="20200930 19:38:17.661" level="INFO">Typing text 'demo' into text field 'css:input#loginusername'.</msg>
<status status="PASS" starttime="20200930 19:38:17.661" endtime="20200930 19:38:17.866"></status>
</kw>
<kw name="Input Text" library="SeleniumLibrary">
<doc>Types the given ``text`` into the text field identified by ``locator``.</doc>
<arguments>
<arg>${Password TextBox}</arg>
<arg>${pass}</arg>
</arguments>
<msg timestamp="20200930 19:38:17.869" level="INFO">Typing text 'demo' into text field 'css:input#loginpassword'.</msg>
<status status="PASS" starttime="20200930 19:38:17.867" endtime="20200930 19:38:18.147"></status>
</kw>
<kw name="Click Button" library="SeleniumLibrary">
<doc>Clicks the button identified by ``locator``.</doc>
<arguments>
<arg>Log in</arg>
</arguments>
<msg timestamp="20200930 19:38:18.148" level="INFO">Clicking button 'Log in'.</msg>
<status status="PASS" starttime="20200930 19:38:18.147" endtime="20200930 19:38:18.292"></status>
</kw>
<kw name="Wait Until Element Is Visible" library="SeleniumLibrary">
<doc>Waits until the element ``locator`` is visible.</doc>
<arguments>
<arg>${LogOut Link}</arg>
</arguments>
<status status="PASS" starttime="20200930 19:38:18.292" endtime="20200930 19:38:19.350"></status>
</kw>
<status status="PASS" starttime="20200930 19:38:17.290" endtime="20200930 19:38:19.350"></status>
</kw>
<kw name="Close Browser" library="SeleniumLibrary" type="teardown">
<doc>Closes the current browser.</doc>
<status status="PASS" starttime="20200930 19:38:19.351" endtime="20200930 19:38:21.592"></status>
</kw>
<tags>
<tag>keyword-driven</tag>
<tag>logintest</tag>
</tags>
<status status="PASS" starttime="20200930 19:38:08.529" endtime="20200930 19:38:21.592" critical="yes"></status>
</test>
<status status="PASS" starttime="20200930 19:38:08.319" endtime="20200930 19:38:21.594"></status>
</suite>
<status status="PASS" starttime="20200930 19:38:08.317" endtime="20200930 19:38:21.597"></status>
</suite>
<status status="PASS" starttime="20200930 19:38:08.290" endtime="20200930 19:38:21.601"></status>
</suite>
<statistics>
<total>
<stat pass="1" fail="0">Critical Tests</stat>
<stat pass="1" fail="0">All Tests</stat>
</total>
<tag>
<stat pass="1" fail="0">keyword-driven</stat>
<stat pass="1" fail="0">logintest</stat>
</tag>
<suite>
<stat pass="1" fail="0" id="s1" name="Rf Test">Rf Test</stat>
<stat pass="1" fail="0" id="s1-s1" name="Testsuite">Rf Test.Testsuite</stat>
<stat pass="1" fail="0" id="s1-s1-s1" name="Rf Demo">Rf Test.Testsuite.Rf Demo</stat>
</suite>
</statistics>
<errors>
</errors>
</robot>
