<?xml version="1.0" encoding="UTF-8"?>
<robot generator="Robot 3.2.2 (Python 3.7.8 on win32)" generated="20200930 16:51:56.496" rpa="false">
<suite id="s1" name="Rf Test" source="C:\Git\rf_test">
<suite id="s1-s1" name="Testsuite" source="C:\Git\rf_test\testsuite">
<suite id="s1-s1-s1" name="Rf Demo" source="C:\Git\rf_test\testsuite\rf_demo.robot">
<test id="s1-s1-s1-t1" name="Verify Login in arguments">
<kw name="Open Browser to Login Page with demo and demo">
<kw name="Go To Home">
<kw name="Start App" library="keywords">
<kw name="Open Browser" library="SeleniumLibrary">
<doc>Opens a new browser instance to the optional ``url``.</doc>
<arguments>
<arg>${URL}</arg>
<arg>${BROWSER}</arg>
</arguments>
<msg timestamp="20200930 16:51:56.692" level="INFO">Opening browser 'Chrome' to base url 'https://demoblaze.com/'.</msg>
<status status="PASS" starttime="20200930 16:51:56.692" endtime="20200930 16:52:00.612"></status>
</kw>
<kw name="Maximize Browser Window" library="SeleniumLibrary">
<doc>Maximizes current browser window.</doc>
<status status="PASS" starttime="20200930 16:52:00.613" endtime="20200930 16:52:02.751"></status>
</kw>
<status status="PASS" starttime="20200930 16:51:56.692" endtime="20200930 16:52:02.751"></status>
</kw>
<kw name="Title Should Be" library="SeleniumLibrary">
<doc>Verifies that the current page title equals ``title``.</doc>
<arguments>
<arg>${TITLE}</arg>
</arguments>
<msg timestamp="20200930 16:52:02.758" level="INFO">Page title is 'STORE'.</msg>
<status status="PASS" starttime="20200930 16:52:02.752" endtime="20200930 16:52:02.758"></status>
</kw>
<status status="PASS" starttime="20200930 16:51:56.691" endtime="20200930 16:52:02.758"></status>
</kw>
<kw name="Page Should Contain Element" library="SeleniumLibrary">
<doc>Verifies that element ``locator`` is found on the current page.</doc>
<arguments>
<arg>css:a#cat</arg>
</arguments>
<msg timestamp="20200930 16:52:02.772" level="INFO">Current page contains element 'css:a#cat'.</msg>
<status status="PASS" starttime="20200930 16:52:02.758" endtime="20200930 16:52:02.773"></status>
</kw>
<kw name="Element Should Contain" library="SeleniumLibrary">
<doc>Verifies that element ``locator`` contains text ``expected``.</doc>
<arguments>
<arg>css:a#cat</arg>
<arg>CATEGORIES</arg>
</arguments>
<msg timestamp="20200930 16:52:02.795" level="INFO">Element 'css:a#cat' contains text 'CATEGORIES'.</msg>
<status status="PASS" starttime="20200930 16:52:02.773" endtime="20200930 16:52:02.795"></status>
</kw>
<kw name="Login to the portal">
<arguments>
<arg>${loginuser}</arg>
<arg>${password}</arg>
</arguments>
<kw name="Click Element" library="SeleniumLibrary">
<doc>Click the element identified by ``locator``.</doc>
<arguments>
<arg>${Login Link}</arg>
</arguments>
<msg timestamp="20200930 16:52:02.796" level="INFO">Clicking element 'css:a#login2'.</msg>
<status status="PASS" starttime="20200930 16:52:02.796" endtime="20200930 16:52:02.861"></status>
</kw>
<kw name="Wait Until Element Is Visible" library="SeleniumLibrary">
<doc>Waits until the element ``locator`` is visible.</doc>
<arguments>
<arg>css:input#loginusername</arg>
</arguments>
<status status="PASS" starttime="20200930 16:52:02.861" endtime="20200930 16:52:03.107"></status>
</kw>
<kw name="Input Text" library="SeleniumLibrary">
<doc>Types the given ``text`` into the text field identified by ``locator``.</doc>
<arguments>
<arg>${Username TextBox}</arg>
<arg>${user}</arg>
</arguments>
<msg timestamp="20200930 16:52:03.108" level="INFO">Typing text 'demo' into text field 'css:input#loginusername'.</msg>
<status status="PASS" starttime="20200930 16:52:03.108" endtime="20200930 16:52:03.186"></status>
</kw>
<kw name="Input Text" library="SeleniumLibrary">
<doc>Types the given ``text`` into the text field identified by ``locator``.</doc>
<arguments>
<arg>${Password TextBox}</arg>
<arg>${pass}</arg>
</arguments>
<msg timestamp="20200930 16:52:03.187" level="INFO">Typing text 'demo' into text field 'css:input#loginpassword'.</msg>
<status status="PASS" starttime="20200930 16:52:03.186" endtime="20200930 16:52:03.266"></status>
</kw>
<kw name="Click Button" library="SeleniumLibrary">
<doc>Clicks the button identified by ``locator``.</doc>
<arguments>
<arg>Log in</arg>
</arguments>
<msg timestamp="20200930 16:52:03.267" level="INFO">Clicking button 'Log in'.</msg>
<status status="PASS" starttime="20200930 16:52:03.266" endtime="20200930 16:52:03.326"></status>
</kw>
<kw name="Wait Until Element Is Visible" library="SeleniumLibrary">
<doc>Waits until the element ``locator`` is visible.</doc>
<arguments>
<arg>${LogOut Link}</arg>
</arguments>
<status status="PASS" starttime="20200930 16:52:03.326" endtime="20200930 16:52:04.163"></status>
</kw>
<status status="PASS" starttime="20200930 16:52:02.795" endtime="20200930 16:52:04.164"></status>
</kw>
<kw name="Close Browser" library="SeleniumLibrary" type="teardown">
<doc>Closes the current browser.</doc>
<status status="PASS" starttime="20200930 16:52:04.164" endtime="20200930 16:52:06.407"></status>
</kw>
<status status="PASS" starttime="20200930 16:51:56.691" endtime="20200930 16:52:06.407"></status>
</kw>
<kw name="Open Browser to Login Page with admin and admin">
<kw name="Go To Home">
<kw name="Start App" library="keywords">
<kw name="Open Browser" library="SeleniumLibrary">
<doc>Opens a new browser instance to the optional ``url``.</doc>
<arguments>
<arg>${URL}</arg>
<arg>${BROWSER}</arg>
</arguments>
<msg timestamp="20200930 16:52:06.411" level="INFO">Opening browser 'Chrome' to base url 'https://demoblaze.com/'.</msg>
<status status="PASS" starttime="20200930 16:52:06.411" endtime="20200930 16:52:10.303"></status>
</kw>
<kw name="Maximize Browser Window" library="SeleniumLibrary">
<doc>Maximizes current browser window.</doc>
<status status="PASS" starttime="20200930 16:52:10.304" endtime="20200930 16:52:12.437"></status>
</kw>
<status status="PASS" starttime="20200930 16:52:06.410" endtime="20200930 16:52:12.438"></status>
</kw>
<kw name="Title Should Be" library="SeleniumLibrary">
<doc>Verifies that the current page title equals ``title``.</doc>
<arguments>
<arg>${TITLE}</arg>
</arguments>
<msg timestamp="20200930 16:52:12.444" level="INFO">Page title is 'STORE'.</msg>
<status status="PASS" starttime="20200930 16:52:12.438" endtime="20200930 16:52:12.444"></status>
</kw>
<status status="PASS" starttime="20200930 16:52:06.409" endtime="20200930 16:52:12.444"></status>
</kw>
<kw name="Page Should Contain Element" library="SeleniumLibrary">
<doc>Verifies that element ``locator`` is found on the current page.</doc>
<arguments>
<arg>css:a#cat</arg>
</arguments>
<msg timestamp="20200930 16:52:12.456" level="INFO">Current page contains element 'css:a#cat'.</msg>
<status status="PASS" starttime="20200930 16:52:12.444" endtime="20200930 16:52:12.456"></status>
</kw>
<kw name="Element Should Contain" library="SeleniumLibrary">
<doc>Verifies that element ``locator`` contains text ``expected``.</doc>
<arguments>
<arg>css:a#cat</arg>
<arg>CATEGORIES</arg>
</arguments>
<msg timestamp="20200930 16:52:12.478" level="INFO">Element 'css:a#cat' contains text 'CATEGORIES'.</msg>
<status status="PASS" starttime="20200930 16:52:12.456" endtime="20200930 16:52:12.478"></status>
</kw>
<kw name="Login to the portal">
<arguments>
<arg>${loginuser}</arg>
<arg>${password}</arg>
</arguments>
<kw name="Click Element" library="SeleniumLibrary">
<doc>Click the element identified by ``locator``.</doc>
<arguments>
<arg>${Login Link}</arg>
</arguments>
<msg timestamp="20200930 16:52:12.479" level="INFO">Clicking element 'css:a#login2'.</msg>
<status status="PASS" starttime="20200930 16:52:12.479" endtime="20200930 16:52:12.529"></status>
</kw>
<kw name="Wait Until Element Is Visible" library="SeleniumLibrary">
<doc>Waits until the element ``locator`` is visible.</doc>
<arguments>
<arg>css:input#loginusername</arg>
</arguments>
<status status="PASS" starttime="20200930 16:52:12.530" endtime="20200930 16:52:12.772"></status>
</kw>
<kw name="Input Text" library="SeleniumLibrary">
<doc>Types the given ``text`` into the text field identified by ``locator``.</doc>
<arguments>
<arg>${Username TextBox}</arg>
<arg>${user}</arg>
</arguments>
<msg timestamp="20200930 16:52:12.772" level="INFO">Typing text 'admin' into text field 'css:input#loginusername'.</msg>
<status status="PASS" starttime="20200930 16:52:12.772" endtime="20200930 16:52:12.851"></status>
</kw>
<kw name="Input Text" library="SeleniumLibrary">
<doc>Types the given ``text`` into the text field identified by ``locator``.</doc>
<arguments>
<arg>${Password TextBox}</arg>
<arg>${pass}</arg>
</arguments>
<msg timestamp="20200930 16:52:12.852" level="INFO">Typing text 'admin' into text field 'css:input#loginpassword'.</msg>
<status status="PASS" starttime="20200930 16:52:12.851" endtime="20200930 16:52:12.931"></status>
</kw>
<kw name="Click Button" library="SeleniumLibrary">
<doc>Clicks the button identified by ``locator``.</doc>
<arguments>
<arg>Log in</arg>
</arguments>
<msg timestamp="20200930 16:52:12.931" level="INFO">Clicking button 'Log in'.</msg>
<status status="PASS" starttime="20200930 16:52:12.931" endtime="20200930 16:52:12.988"></status>
</kw>
<kw name="Wait Until Element Is Visible" library="SeleniumLibrary">
<doc>Waits until the element ``locator`` is visible.</doc>
<arguments>
<arg>${LogOut Link}</arg>
</arguments>
<msg timestamp="20200930 16:52:13.629" level="INFO">Suppressing StaleElementReferenceException from Selenium.</msg>
<status status="PASS" starttime="20200930 16:52:12.989" endtime="20200930 16:52:13.856"></status>
</kw>
<status status="PASS" starttime="20200930 16:52:12.479" endtime="20200930 16:52:13.856"></status>
</kw>
<kw name="Close Browser" library="SeleniumLibrary" type="teardown">
<doc>Closes the current browser.</doc>
<status status="PASS" starttime="20200930 16:52:13.856" endtime="20200930 16:52:16.006"></status>
</kw>
<status status="PASS" starttime="20200930 16:52:06.409" endtime="20200930 16:52:16.006"></status>
</kw>
<kw name="Close Browser" library="SeleniumLibrary" type="teardown">
<doc>Closes the current browser.</doc>
<status status="PASS" starttime="20200930 16:52:16.007" endtime="20200930 16:52:16.007"></status>
</kw>
<tags>
<tag>keyword-driven</tag>
<tag>logintest3</tag>
</tags>
<status status="PASS" starttime="20200930 16:51:56.690" endtime="20200930 16:52:16.008" critical="yes"></status>
</test>
<status status="PASS" starttime="20200930 16:51:56.525" endtime="20200930 16:52:16.010"></status>
</suite>
<status status="PASS" starttime="20200930 16:51:56.522" endtime="20200930 16:52:16.012"></status>
</suite>
<status status="PASS" starttime="20200930 16:51:56.498" endtime="20200930 16:52:16.014"></status>
</suite>
<statistics>
<total>
<stat pass="1" fail="0">Critical Tests</stat>
<stat pass="1" fail="0">All Tests</stat>
</total>
<tag>
<stat pass="1" fail="0">keyword-driven</stat>
<stat pass="1" fail="0">logintest3</stat>
</tag>
<suite>
<stat pass="1" fail="0" id="s1" name="Rf Test">Rf Test</stat>
<stat pass="1" fail="0" id="s1-s1" name="Testsuite">Rf Test.Testsuite</stat>
<stat pass="1" fail="0" id="s1-s1-s1" name="Rf Demo">Rf Test.Testsuite.Rf Demo</stat>
</suite>
</statistics>
<errors>
</errors>
</robot>
